 audio

 12B9351C
Unknown encoding: 12B9351C (32 bits)
Raw (12): 1650 -1250 2050 -950 1450 -200 200 -1150 200 -1250 600 


cancel
D721C268
Unknown encoding: D721C268 (32 bits)
Raw (14): 1650 -1200 2050 -950 1250 -200 450 -1100 200 -1050 200 -250 400 


map
61ABCDF5
Unknown encoding: 61ABCDF5 (32 bits)
Raw (12): 1650 -1250 200 -200 1450 -1150 2050 -950 400 -1250 400 


menu
D7A7729C
Unknown encoding: D7A7729C (32 bits)
Raw (14): 1650 -1200 1250 -200 400 -1150 2050 -950 200 -1050 200 -200 450 


*)
63F7F828
Unknown encoding: 63F7F828 (32 bits)
Raw (14): 1650 -1200 400 -200 1250 -1150 2100 -900 200 -250 200 -1000 450 


info
EC86489F
Unknown encoding: EC86489F (32 bits)
Raw (14): 1650 -1200 1050 -200 600 -1150 2100 -900 200 -850 200 -450 400 



enter
BB74C19D
Unknown encoding: BB74C19D (32 bits)
Raw (12): 1650 -1200 1450 -200 200 -1150 2100 -950 200 -1250 600 



<---
C3604080
Unknown encoding: C3604080 (32 bits)
Raw (10): 200 -1650 250 -750 2100 -900 2100 -900 2100 
4C4BE579
Unknown encoding: 4C4BE579 (32 bits)
Raw (10): 200 -1700 200 -650 2100 -950 2050 -950 2050 
4C4BE579
Unknown encoding: 4C4BE579 (32 bits)
Raw (10): 200 -1650 200 -700 2050 -950 2100 -900 2100 
4C4BE579
Unknown encoding: 4C4BE579 (32 bits)
Raw (10): 200 -1650 250 -650 2100 -900 2100 -950 2050 
C3604080
Unknown encoding: C3604080 (32 bits)
Raw (10): 200 -1650 200 -800 2050 -950 2100 -900 2100 
C3604080
Unknown encoding: C3604080 (32 bits)
Raw (10): 200 -1650 200 -800 2050 -950 2100 -900 2100 
4C4BE579
Unknown encoding: 4C4BE579 (32 bits)
Raw (10): 200 -1700 200 -650 2100 -900 2100 -950 2050 
4C4BE579
Unknown encoding: 4C4BE579 (32 bits)
Raw (10): 250 -1650 200 -700 2050 -950 2050 -950 2050 
4C4BE579
Unknown encoding: 4C4BE579 (32 bits)
Raw (10): 200 -1650 200 -700 2050 -950 2100 -900 2100 
4C4BE579
Unknown encoding: 4C4BE579 (32 bits)
Raw (10): 200 -1650 200 -700 2050 -950 2100 -900 2100 





-->
E3B3C8A9
Unknown encoding: E3B3C8A9 (32 bits)
Raw (14): 200 -200 1250 -200 200 -700 2100 -900 2100 -950 400 -1250 400 
E3B3C8A9
Unknown encoding: E3B3C8A9 (32 bits)
Raw (14): 200 -200 1250 -200 200 -700 2050 -950 2050 -950 400 -1250 400 
991E8EB0
Unknown encoding: 991E8EB0 (32 bits)
Raw (14): 200 -200 1250 -200 200 -800 2050 -950 2050 -950 400 -1250 400 
991E8EB0
Unknown encoding: 991E8EB0 (32 bits)
Raw (14): 200 -200 1250 -200 200 -800 2050 -950 2050 -950 400 -1250 450 
E3B3C8A9
Unknown encoding: E3B3C8A9 (32 bits)
Raw (14): 200 -200 1250 -200 200 -700 2050 -950 2100 -900 450 -1250 400 
E3B3C8A9
Unknown encoding: E3B3C8A9 (32 bits)
Raw (14): 200 -200 1250 -200 200 -700 2100 -900 2100 -950 400 -1250 400 
991E8EB0
Unknown encoding: 991E8EB0 (32 bits)
Raw (14): 200 -200 1250 -200 200 -800 2050 -950 2050 -950 400 -1250 400 
E3B3C8A9
Unknown encoding: E3B3C8A9 (32 bits)
Raw (14): 200 -250 1200 -250 200 -650 2100 -950 2050 -950 400 -1250 400 
E3B3C8A9
Unknown encoding: E3B3C8A9 (32 bits)
Raw (14): 200 -200 1250 -200 200 -700 2050 -950 2050 -950 400 -1250 450 
991E8EB0
Unknown encoding: 991E8EB0 (32 bits)
Raw (14): 200 -200 1250 -200 200 -800 2050 -950 2050 -950 400 -1250 400 











joistick

<--
49F90CE4
Unknown encoding: 49F90CE4 (32 bits)
Raw (12): 1650 -1200 2050 -950 200 -200 1450 -1150 400 -1250 450 
49F90CE4
Unknown encoding: 49F90CE4 (32 bits)
Raw (12): 1650 -1200 2050 -950 200 -200 1450 -1150 400 -1250 450 
49F90CE4
Unknown encoding: 49F90CE4 (32 bits)
Raw (12): 1650 -1200 2050 -950 200 -200 1450 -1150 400 -1250 450 
49F90CE4
Unknown encoding: 49F90CE4 (32 bits)
Raw (12): 1650 -1200 2050 -950 200 -200 1450 -1150 400 -1250 450 
49F90CE4
Unknown encoding: 49F90CE4 (32 bits)
Raw (12): 1650 -1200 2050 -950 200 -200 1450 -1150 400 -1250 450 
49F90CE4
Unknown encoding: 49F90CE4 (32 bits)
Raw (12): 1650 -1200 2050 -950 200 -200 1450 -1150 400 -1250 450 
49F90CE4
Unknown encoding: 49F90CE4 (32 bits)
Raw (12): 1650 -1200 2050 -950 200 -200 1450 -1150 400 -1250 450 
49F90CE4
Unknown encoding: 49F90CE4 (32 bits)
Raw (12): 1650 -1200 2050 -950 200 -200 1450 -1150 400 -1250 450 
49F90CE4
Unknown encoding: 49F90CE4 (32 bits)
Raw (12): 1650 -1200 2050 -950 200 -200 1450 -1150 400 -1250 450 
49F90CE4
Unknown encoding: 49F90CE4 (32 bits)
Raw (12): 1650 -1200 2050 -950 200 -200 1450 -1150 450 -1200 450 
49F90CE4
Unknown encoding: 49F90CE4 (32 bits)
Raw (12): 1650 -1200 2050 -950 200 -200 1450 -1150 450 -1200 450 
49F90CE4
Unknown encoding: 49F90CE4 (32 bits)
Raw (12): 1650 -1200 2050 -950 200 -200 1450 -1150 450 -1200 450 
49F90CE4
Unknown encoding: 49F90CE4 (32 bits)
Raw (12): 1650 -1200 2050 -950 200 -250 1400 -1150 450 -1200 450 
5D1A131B
Unknown encoding: 5D1A131B (32 bits)
Raw (10): 1650 -1200 2050 -950 2050 -950 200 -1450 200 


-->
8313633
Unknown encoding: 8313633 (32 bits)
Raw (14): 1650 -1200 2050 -950 600 -200 1050 -1150 200 -400 200 -850 400 
8313633
Unknown encoding: 8313633 (32 bits)
Raw (14): 1650 -1200 2050 -950 600 -200 1050 -1150 200 -400 200 -850 400 
8313633
Unknown encoding: 8313633 (32 bits)
Raw (14): 1650 -1200 2050 -950 600 -200 1050 -1150 200 -400 250 -800 400 
8313633
Unknown encoding: 8313633 (32 bits)
Raw (14): 1650 -1200 2050 -950 600 -200 1050 -1150 200 -400 250 -800 400 
8313633
Unknown encoding: 8313633 (32 bits)
Raw (14): 1650 -1200 2050 -950 600 -200 1050 -1150 200 -450 200 -800 450 
8313633
Unknown encoding: 8313633 (32 bits)
Raw (14): 1650 -1200 2050 -950 600 -200 1050 -1150 200 -450 200 -800 400 
8313633
Unknown encoding: 8313633 (32 bits)
Raw (14): 1650 -1200 2050 -950 600 -200 1050 -1150 200 -450 200 -800 450 
8313633
Unknown encoding: 8313633 (32 bits)
Raw (14): 1650 -1200 2050 -950 600 -200 1050 -1150 200 -450 200 -800 450 
8313633
Unknown encoding: 8313633 (32 bits)
Raw (14): 1650 -1200 2050 -950 600 -250 1000 -1150 200 -450 200 -800 450 
8313633
Unknown encoding: 8313633 (32 bits)
Raw (14): 1650 -1200 2050 -950 600 -250 1000 -1150 200 -450 200 -800 450 
8313633
Unknown encoding: 8313633 (32 bits)
Raw (14): 1650 -1200 2050 -950 600 -250 1000 -1150 200 -450 200 -800 450 
8313633
Unknown encoding: 8313633 (32 bits)
Raw (14): 1650 -1200 2050 -950 600 -250 1000 -1150 200 -450 200 -800 450 
8313633
Unknown encoding: 8313633 (32 bits)
Raw (14): 1650 -1200 2050 -950 600 -250 1000 -1150 200 -450 200 -800 450 
8313633
Unknown encoding: 8313633 (32 bits)
Raw (14): 1650 -1200 2050 -950 600 -250 1000 -1150 200 -450 200 -800 450 






up
B02E27B5
Unknown encoding: B02E27B5 (32 bits)
Raw (14): 1650 -1200 2050 -950 850 -200 800 -1150 200 -650 200 -600 450 
B02E27B5
Unknown encoding: B02E27B5 (32 bits)
Raw (14): 1650 -1200 2050 -950 850 -200 800 -1150 200 -650 200 -600 450 
B02E27B5
Unknown encoding: B02E27B5 (32 bits)
Raw (14): 1650 -1200 2050 -950 850 -200 800 -1150 200 -650 200 -600 450 
B02E27B5
Unknown encoding: B02E27B5 (32 bits)
Raw (14): 1650 -1200 2050 -950 850 -200 800 -1150 200 -650 200 -600 450 
B02E27B5
Unknown encoding: B02E27B5 (32 bits)
Raw (14): 1650 -1200 2050 -950 850 -200 800 -1150 200 -650 200 -650 400 
B02E27B5
Unknown encoding: B02E27B5 (32 bits)
Raw (14): 1650 -1200 2050 -950 850 -200 800 -1150 200 -650 200 -600 450 
B02E27B5
Unknown encoding: B02E27B5 (32 bits)
Raw (14): 1650 -1200 2050 -950 850 -200 800 -1150 200 -650 200 -650 400 
B02E27B5
Unknown encoding: B02E27B5 (32 bits)
Raw (14): 1650 -1200 2050 -950 850 -200 800 -1150 200 -650 200 -650 400 
B02E27B5
Unknown encoding: B02E27B5 (32 bits)
Raw (14): 1650 -1200 2050 -950 850 -200 800 -1150 250 -600 200 -650 400 
B02E27B5
Unknown encoding: B02E27B5 (32 bits)
Raw (14): 1650 -1200 2050 -950 850 -200 800 -1150 200 -650 200 -650 400 
B02E27B5
Unknown encoding: B02E27B5 (32 bits)
Raw (14): 1650 -1200 2050 -950 850 -200 850 -1100 250 -600 200 -650 400 



down

8313633
Unknown encoding: 8313633 (32 bits)
Raw (14): 1650 -1200 2050 -950 400 -200 1250 -1150 200 -200 200 -1050 400 
8313633
Unknown encoding: 8313633 (32 bits)
Raw (14): 1650 -1200 2050 -950 400 -200 1250 -1150 200 -200 200 -1050 400 
8313633
Unknown encoding: 8313633 (32 bits)
Raw (14): 1650 -1200 2050 -950 400 -200 1250 -1150 200 -200 200 -1050 450 
8313633
Unknown encoding: 8313633 (32 bits)
Raw (14): 1650 -1200 2050 -950 400 -200 1250 -1150 200 -200 200 -1050 450 
8313633
Unknown encoding: 8313633 (32 bits)
Raw (14): 1650 -1200 2050 -950 400 -200 1250 -1150 200 -250 200 -1000 450 
8313633
Unknown encoding: 8313633 (32 bits)
Raw (14): 1650 -1200 2050 -950 400 -200 1250 -1150 200 -250 200 -1000 450 
8313633
Unknown encoding: 8313633 (32 bits)
Raw (14): 1650 -1200 2050 -950 400 -200 1250 -1150 200 -250 200 -1000 450 
8313633
Unknown encoding: 8313633 (32 bits)
Raw (14): 1650 -1200 2050 -950 400 -200 1250 -1150 200 -250 200 -1000 450 
8313633
Unknown encoding: 8313633 (32 bits)
Raw (14): 1650 -1200 2050 -950 400 -200 1250 -1150 200 -250 200 -1000 450 
8313633
Unknown encoding: 8313633 (32 bits)
Raw (14): 1650 -1200 2050 -950 400 -250 1200 -1150 200 -250 200 -1000 450 
8313633
Unknown encoding: 8313633 (32 bits)
Raw (14): 1650 -1200 2050 -950 400 -250 1200 -1150 200 -250 200 -1000 450 
8313633
Unknown encoding: 8313633 (32 bits)
Raw (14): 1650 -1200 2050 -950 400 -250 1200 -1150 200 -250 200 -1000 450 






<up
26C14767
Unknown encoding: 26C14767 (32 bits)
Raw (16): 1650 -1200 2100 -950 200 -200 400 -200 1050 -950 400 -400 200 -650 200 
26C14767
Unknown encoding: 26C14767 (32 bits)
Raw (16): 1650 -1200 2100 -950 200 -200 400 -200 1050 -950 400 -400 200 -650 200 
26C14767
Unknown encoding: 26C14767 (32 bits)
Raw (16): 1650 -1200 2100 -950 200 -200 400 -200 1050 -950 400 -400 200 -650 200 
26C14767
Unknown encoding: 26C14767 (32 bits)
Raw (16): 1650 -1200 2100 -950 200 -200 400 -200 1050 -950 400 -400 200 -650 200 
26C14767
Unknown encoding: 26C14767 (32 bits)
Raw (16): 1650 -1200 2100 -950 200 -200 400 -200 1050 -950 400 -400 200 -650 200 
26C14767
Unknown encoding: 26C14767 (32 bits)
Raw (16): 1650 -1200 2100 -950 200 -200 400 -200 1050 -950 400 -400 200 -650 200 


>up

9629C6F6
Unknown encoding: 9629C6F6 (32 bits)
Raw (14): 1650 -1200 2050 -950 650 -400 1050 -900 250 -400 400 -650 200 
9629C6F6
Unknown encoding: 9629C6F6 (32 bits)
Raw (14): 1650 -1200 2050 -950 650 -400 1050 -900 200 -450 400 -650 200 
C703D1F5
Unknown encoding: C703D1F5 (32 bits)
Raw (14): 1650 -1200 2100 -900 650 -400 1050 -900 200 -450 400 -650 200 
C703D1F5
Unknown encoding: C703D1F5 (32 bits)
Raw (14): 1650 -1200 2100 -900 650 -400 1050 -900 250 -400 400 -650 200 
C703D1F5
Unknown encoding: C703D1F5 (32 bits)
Raw (14): 1650 -1200 2100 -900 650 -400 1050 -900 250 -400 400 -650 200 
C703D1F5
Unknown encoding: C703D1F5 (32 bits)
Raw (14): 1650 -1200 2100 -900 650 -400 1050 -900 250 -400 400 -650 200 
C703D1F5
Unknown encoding: C703D1F5 (32 bits)
Raw (14): 1650 -1200 2100 -900 650 -400 1050 -900 250 -400 400 -650 200 
C703D1F5
Unknown encoding: C703D1F5 (32 bits)
Raw (14): 1650 -1200 2100 -900 650 -400 1050 -900 250 -400 400 -650 200 
C703D1F5
Unknown encoding: C703D1F5 (32 bits)
Raw (14): 1650 -1200 2100 -900 650 -400 1050 -900 250 -400 400 -650 200 
C703D1F5
Unknown encoding: C703D1F5 (32 bits)
Raw (14): 1650 -1200 2100 -900 650 -400 1050 -950 200 -400 400 -650 200 




<down
2B48A6E2
Unknown encoding: 2B48A6E2 (32 bits)
Raw (12): 1650 -1200 2100 -900 250 -400 1450 -950 600 -1050 200 
2B48A6E2
Unknown encoding: 2B48A6E2 (32 bits)
Raw (12): 1650 -1200 2100 -900 250 -400 1450 -950 600 -1050 200 
2B48A6E2
Unknown encoding: 2B48A6E2 (32 bits)
Raw (12): 1650 -1200 2100 -900 250 -400 1450 -950 600 -1050 200 
2B48A6E2
Unknown encoding: 2B48A6E2 (32 bits)
Raw (12): 1650 -1200 2100 -900 250 -400 1450 -950 600 -1050 200 
2B48A6E2
Unknown encoding: 2B48A6E2 (32 bits)
Raw (12): 1650 -1200 2100 -900 250 -400 1450 -950 600 -1050 200 
2B48A6E2
Unknown encoding: 2B48A6E2 (32 bits)
Raw (12): 1650 -1200 2100 -900 250 -400 1450 -950 600 -1050 200 





>down

C703D1F5
Unknown encoding: C703D1F5 (32 bits)
Raw (14): 1650 -1200 2100 -900 450 -400 1250 -950 200 -200 400 -850 200 
C703D1F5
Unknown encoding: C703D1F5 (32 bits)
Raw (14): 1650 -1200 2100 -900 450 -400 1250 -950 200 -200 400 -850 200 
C703D1F5
Unknown encoding: C703D1F5 (32 bits)
Raw (14): 1650 -1200 2100 -900 450 -400 1250 -950 200 -200 400 -850 200 
C703D1F5
Unknown encoding: C703D1F5 (32 bits)
Raw (14): 1650 -1200 2100 -900 450 -400 1250 -900 250 -200 400 -850 200 
C703D1F5
Unknown encoding: C703D1F5 (32 bits)
Raw (14): 1650 -1200 2100 -900 450 -400 1250 -900 250 -200 400 -850 200 
C703D1F5
Unknown encoding: C703D1F5 (32 bits)
Raw (14): 1650 -1200 2100 -900 450 -400 1250 -950 200 -200 400 -850 200 
C703D1F5
Unknown encoding: C703D1F5 (32 bits)
Raw (14): 1650 -1200 2100 -900 450 -400 1250 -900 250 -200 400 -850 200 
C703D1F5
Unknown encoding: C703D1F5 (32 bits)
Raw (14): 1650 -1200 2100 -900 450 -400 1250 -950 200 -200 400 -850 200 


_______________________________________________________________________

audio
F0FE8207
F0FE8207 (52 bits)
Raw (12): 1700 -1200 2050 -950 1450 -200 200 -1150 200 -1250 650 11000
F0FE8207
F0FE8207 (52 bits)
Raw (12): 1650 -1200 2050 -950 1450 -200 200 -1150 200 -1250 650 10950
F0FE8207
F0FE8207 (52 bits)
Raw (12): 1650 -1200 2050 -950 1450 -200 200 -1150 200 -1250 650 10950
F0FE8207
F0FE8207 (52 bits)
Raw (12): 1650 -1200 2100 -900 1450 -200 250 -1100 200 -1300 600 10950
F0FE8207
F0FE8207 (52 bits)
Raw (12): 1650 -1200 2100 -900 1450 -250 200 -1150 200 -1250 600 10950
F0FE8207
F0FE8207 (52 bits)
Raw (12): 1650 -1200 2100 -900 1450 -250 200 -1150 200 -1250 600 10950
F0FE8207
F0FE8207 (52 bits)
Raw (12): 1650 -1200 2100 -950 1400 -250 200 -1150 200 -1250 600 10950
F0FE8207
F0FE8207 (52 bits)
Raw (12): 1650 -1250 2050 -950 1450 -200 200 -1150 200 -1250 600 10950
F0FE8207
F0FE8207 (52 bits)
Raw (12): 1650 -1250 2050 -950 1450 -200 200 -1150 200 -1250 600 10950
F0FE8207
F0FE8207 (52 bits)
Raw (12): 1650 -1250 2050 -950 1450 -200 200 -1150 200 -1250 600 10950
F0FE8207
F0FE8207 (52 bits)
Raw (12): 1700 -1200 2050 -950 1450 -200 200 -1150 200 -1250 650 11000
F0FE8207
F0FE8207 (52 bits)
Raw (12): 1700 -1200 2050 -950 1450 -200 200 -1150 200 -1250 650 11000
F0FE8207
F0FE8207 (52 bits)
Raw (12): 1650 -1200 2050 -950 1450 -200 200 -1150 200 -1250 650 10950



cancel
F0FD820B
F0FD820B (52 bits)
Raw (14): 1650 -1250 2050 -950 1250 -200 400 -1150 200 -1050 200 -200 400 10950
F0FD820B
F0FD820B (52 bits)
Raw (14): 1700 -1200 2050 -950 1250 -200 400 -1150 200 -1050 200 -200 400 10950
F0FD820B
F0FD820B (52 bits)
Raw (14): 1650 -1200 2050 -950 1250 -200 400 -1150 200 -1050 200 -200 450 10950
F0FD820B
F0FD820B (52 bits)
Raw (14): 1650 -1200 2050 -950 1250 -200 400 -1150 200 -1050 200 -200 450 10950
F0FD820B
F0FD820B (52 bits)
Raw (14): 1650 -1200 2050 -950 1250 -200 400 -1150 200 -1050 200 -250 400 10950
F0FD820B
F0FD820B (52 bits)
Raw (14): 1650 -1200 2050 -950 1250 -200 450 -1100 200 -1050 200 -250 400 10950
F0FD820B
F0FD820B (52 bits)
Raw (14): 1650 -1200 2100 -900 1250 -200 450 -1100 250 -1000 200 -250 400 10950
F0FD820B
F0FD820B (52 bits)
Raw (14): 1650 -1200 2100 -900 1250 -250 400 -1150 200 -1000 250 -200 400 10950
F0FD820B
F0FD820B (52 bits)
Raw (14): 1650 -1200 2100 -950 1200 -250 400 -1150 200 -1050 200 -200 400 10950
F0FD820B
F0FD820B (52 bits)
Raw (14): 1650 -1200 2100 -950 1200 -250 400 -1150 200 -1050 200 -200 400 10950
F0FD820B
F0FD820B (52 bits)
Raw (14): 1650 -1250 2050 -950 1250 -200 400 -1150 200 -1050 200 -200 400 10950
F0FD820B
F0FD820B (52 bits)
Raw (14): 1650 -1250 2050 -950 1250 -200 400 -1150 200 -1050 200 -200 400 10950
F0FD820B
F0FD820B (52 bits)
Raw (14): 1650 -1250 2050 -950 1250 -200 400 -1150 200 -1050 200 -200 400 10950
F0FD820B
F0FD820B (52 bits)
Raw (14): 1700 -1200 2050 -950 1250 -200 400 -1150 200 -1050 200 -200 450 11000
F0FD820B
F0FD820B (52 bits)
Raw (14): 1650 -1200 2050 -950 1250 -200 400 -1150 200 -1050 200 -200 450 10950




map
E0FFC303
E0FFC303 (52 bits)
Raw (12): 1650 -1250 200 -200 1450 -1150 2050 -950 400 -1250 400 10950
E0FFC303
E0FFC303 (52 bits)
Raw (12): 1650 -1250 200 -200 1450 -1150 2050 -950 400 -1250 400 10950
E0FFC303
E0FFC303 (52 bits)
Raw (12): 1650 -1250 200 -200 1450 -1150 2050 -950 400 -1250 400 10950
E0FFC303
E0FFC303 (52 bits)
Raw (12): 1650 -1250 200 -200 1450 -1150 2050 -950 400 -1250 450 11000
E0FFC303
E0FFC303 (52 bits)
Raw (12): 1700 -1200 200 -200 1450 -1150 2100 -900 400 -1250 450 11000
E0FFC303
E0FFC303 (52 bits)
Raw (12): 1650 -1200 200 -200 1450 -1150 2100 -900 450 -1250 400 10950
E0FFC303
E0FFC303 (52 bits)
Raw (12): 1650 -1200 200 -200 1450 -1150 2100 -900 450 -1250 400 10950
E0FFC303
E0FFC303 (52 bits)
Raw (12): 1650 -1200 200 -200 1450 -1150 2100 -950 400 -1250 400 10950
E0FFC303
E0FFC303 (52 bits)
Raw (12): 1650 -1200 200 -250 1450 -1100 2100 -950 400 -1250 400 10950
E0FFC303
E0FFC303 (52 bits)
Raw (12): 1650 -1200 200 -250 1450 -1150 2050 -950 400 -1250 400 10950
E0FFC303
E0FFC303 (52 bits)
Raw (12): 1650 -1200 200 -250 1450 -1150 2050 -950 400 -1250 400 10950
E0FFC303
E0FFC303 (52 bits)
Raw (12): 1650 -1250 200 -200 1450 -1150 2050 -950 400 -1250 400 10950
E0FFC303
E0FFC303 (52 bits)
Raw (12): 1650 -1250 200 -200 1450 -1150 2050 -950 400 -1250 400 10950
E0FFC303
E0FFC303 (52 bits)
Raw (12): 1650 -1250 200 -200 1450 -1150 2050 -950 400 -1250 400 10950
E0FFC303
E0FFC303 (52 bits)
Raw (12): 1650 -1250 200 -200 1450 -1150 2050 -950 400 -1250 450 11000
E0FFC303
E0FFC303 (52 bits)
Raw (12): 1650 -1250 200 -200 1450 -1150 2100 -900 400 -1250 450 11000





menu
60FFC20B
60FFC20B (52 bits)
Raw (14): 1650 -1250 1200 -250 400 -1150 2050 -950 200 -1050 200 -200 400 10950
60FFC20B
60FFC20B (52 bits)
Raw (14): 1650 -1250 1250 -200 400 -1150 2050 -950 200 -1050 200 -200 450 11000
60FFC20B
60FFC20B (52 bits)
Raw (14): 1650 -1200 1250 -200 400 -1150 2100 -900 200 -1050 200 -200 450 10950
60FFC20B
60FFC20B (52 bits)
Raw (14): 1700 -1200 1250 -200 400 -1150 2050 -950 200 -1050 200 -200 450 11000
60FFC20B
60FFC20B (52 bits)
Raw (14): 1650 -1200 1250 -200 400 -1150 2100 -900 200 -1050 200 -250 400 10950
60FFC20B
60FFC20B (52 bits)
Raw (14): 1650 -1200 1250 -200 400 -1150 2100 -900 200 -1050 200 -250 400 10950
60FFC20B
60FFC20B (52 bits)
Raw (14): 1650 -1200 1250 -200 400 -1150 2100 -900 250 -1000 200 -250 400 10950
60FFC20B
60FFC20B (52 bits)
Raw (14): 1650 -1200 1250 -200 450 -1100 2100 -950 200 -1000 250 -200 400 10950
60FFC20B
60FFC20B (52 bits)
Raw (14): 1650 -1200 1250 -200 450 -1150 2050 -950 200 -1050 200 -200 400 10950
60FFC20B
60FFC20B (52 bits)
Raw (14): 1650 -1200 1250 -250 400 -1150 2050 -950 200 -1050 200 -200 400 10950
60FFC20B
60FFC20B (52 bits)
Raw (14): 1650 -1200 1250 -250 400 -1150 2050 -950 200 -1050 200 -200 400 10950
60FFC20B
60FFC20B (52 bits)
Raw (14): 1650 -1250 1200 -250 400 -1150 2050 -950 200 -1050 200 -200 400 10950
60FFC20B
60FFC20B (52 bits)
Raw (14): 1650 -1250 1200 -250 400 -1150 2050 -950 200 -1050 200 -200 400 10950
60FFC20B
60FFC20B (52 bits)
Raw (14): 1650 -1250 1250 -200 400 -1150 2050 -950 200 -1050 200 -200 400 10950
60FFC20B
60FFC20B (52 bits)
Raw (14): 1600 -1250 1250 -200 400 -1150 2050 -950 200 -1050 200 -200 450 10950
60FFC20B
60FFC20B (52 bits)
Raw (14): 1650 -1200 1250 -200 400 -1150 2050 -950 200 -1050 200 -200 450 10950





*)
E0FFC283
E0FFC283 (52 bits)
Raw (14): 1650 -1250 400 -200 1250 -1150 2100 -900 200 -200 250 -1000 450 11000
E0FFC283
E0FFC283 (52 bits)
Raw (14): 1650 -1250 400 -200 1250 -1150 2100 -900 200 -250 200 -1000 450 11000
E0FFC283
E0FFC283 (52 bits)
Raw (14): 1700 -1200 400 -250 1200 -1150 2100 -900 200 -250 200 -1050 400 11000
E0FFC283
E0FFC283 (52 bits)
Raw (14): 1700 -1200 400 -250 1200 -1150 2100 -900 200 -250 200 -1050 400 11000
E0FFC283
E0FFC283 (52 bits)
Raw (14): 1650 -1200 400 -250 1200 -1150 2100 -900 250 -200 200 -1050 400 10950
E0FFC283
E0FFC283 (52 bits)
Raw (14): 1650 -1200 400 -250 1200 -1150 2100 -950 200 -200 200 -1050 400 10950
E0FFC283
E0FFC283 (52 bits)
Raw (14): 1650 -1200 450 -200 1250 -1150 2050 -950 200 -200 200 -1050 400 10950
E0FFC283
E0FFC283 (52 bits)
Raw (14): 1650 -1200 450 -200 1250 -1150 2050 -950 200 -200 200 -1050 400 10950
E0FFC283
E0FFC283 (52 bits)
Raw (14): 1650 -1200 450 -200 1250 -1150 2050 -950 200 -200 200 -1050 400 10950
E0FFC283
E0FFC283 (52 bits)
Raw (14): 1650 -1250 400 -200 1250 -1150 2050 -950 200 -200 200 -1050 400 10950
E0FFC283
E0FFC283 (52 bits)
Raw (14): 1650 -1250 400 -200 1250 -1150 2050 -950 200 -200 200 -1050 400 10950
E0FFC283
E0FFC283 (52 bits)
Raw (14): 1650 -1250 400 -200 1250 -1150 2050 -950 200 -200 200 -1050 400 10950
E0FFC283
E0FFC283 (52 bits)
Raw (14): 1650 -1250 400 -200 1250 -1150 2050 -950 200 -200 250 -1000 450 11000




info
E0FFC213
E0FFC213 (52 bits)
Raw (14): 1650 -1250 1000 -250 600 -1150 2050 -950 200 -850 200 -400 400 10950
E0FFC213
E0FFC213 (52 bits)
Raw (14): 1650 -1250 1000 -250 600 -1150 2050 -950 200 -850 200 -400 450 11000
E0FFC213
E0FFC213 (52 bits)
Raw (14): 1650 -1200 1050 -200 600 -1150 2050 -950 200 -850 200 -400 450 10950
E0FFC213
E0FFC213 (52 bits)
Raw (14): 1650 -1200 1050 -200 600 -1150 2100 -900 200 -850 200 -400 450 10950
E0FFC213
E0FFC213 (52 bits)
Raw (14): 1650 -1200 1050 -200 600 -1150 2100 -900 200 -850 200 -450 400 10950
E0FFC213
E0FFC213 (52 bits)
Raw (14): 1650 -1200 1050 -200 600 -1150 2100 -900 200 -850 200 -450 400 10950
E0FFC213
E0FFC213 (52 bits)
Raw (14): 1650 -1200 1050 -200 600 -1150 2100 -950 200 -800 200 -450 400 10950
E0FFC213
E0FFC213 (52 bits)
Raw (14): 1650 -1200 1050 -200 650 -1150 2050 -950 200 -800 200 -450 400 10950
E0FFC213
E0FFC213 (52 bits)
Raw (14): 1650 -1200 1050 -200 650 -1150 2050 -950 200 -800 250 -400 400 10950
E0FFC213
E0FFC213 (52 bits)
Raw (14): 1650 -1200 1050 -200 650 -1150 2050 -950 200 -800 250 -400 400 10950
E0FFC213
E0FFC213 (52 bits)
Raw (14): 1650 -1250 1000 -250 600 -1150 2050 -950 200 -850 200 -400 400 10950
E0FFC213
E0FFC213 (52 bits)
Raw (14): 1650 -1250 1000 -250 600 -1150 2050 -950 200 -850 200 -400 400 10950
E0FFC213
E0FFC213 (52 bits)
Raw (14): 1650 -1250 1000 -250 600 -1150 2050 -950 200 -850 200 -400 400 10950
E0FFC213
E0FFC213 (52 bits)
Raw (14): 1650 -1250 1000 -250 600 -1150 2050 -950 200 -850 200 -400 450 11000
E0FFC213
E0FFC213 (52 bits)
Raw (14): 1650 -1250 1000 -250 600 -1150 2050 -950 200 -850 200 -400 450 11000





enter
A0FFC207
A0FFC207 (52 bits)
Raw (12): 1700 -1200 1450 -200 200 -1150 2050 -950 200 -1250 600 10950
A0FFC207
A0FFC207 (52 bits)
Raw (12): 1650 -1200 1450 -200 200 -1150 2050 -950 200 -1250 650 10950
A0FFC207
A0FFC207 (52 bits)
Raw (12): 1650 -1200 1450 -200 200 -1150 2100 -900 200 -1250 650 10950
A0FFC207
A0FFC207 (52 bits)
Raw (12): 1650 -1200 1450 -200 200 -1150 2100 -900 200 -1250 650 10950
A0FFC207
A0FFC207 (52 bits)
Raw (12): 1650 -1200 1450 -200 200 -1150 2100 -900 200 -1250 650 10950
A0FFC207
A0FFC207 (52 bits)
Raw (12): 1650 -1200 1450 -200 200 -1150 2100 -900 200 -1250 650 10950
A0FFC207
A0FFC207 (52 bits)
Raw (12): 1650 -1200 1450 -200 200 -1150 2100 -950 200 -1250 600 10950
A0FFC207
A0FFC207 (52 bits)
Raw (12): 1650 -1200 1450 -200 250 -1100 2100 -950 200 -1250 600 10950
A0FFC207
A0FFC207 (52 bits)
Raw (12): 1650 -1200 1450 -250 200 -1100 2100 -950 200 -1250 600 10950
A0FFC207
A0FFC207 (52 bits)
Raw (12): 1650 -1200 1450 -250 200 -1150 2050 -950 200 -1250 600 10950
A0FFC207
A0FFC207 (52 bits)
Raw (12): 1650 -1200 1450 -250 200 -1150 2050 -950 200 -1250 600 10950
A0FFC207
A0FFC207 (52 bits)
Raw (12): 1700 -1200 1450 -200 200 -1150 2050 -950 200 -1250 600 10950
A0FFC207
A0FFC207 (52 bits)
Raw (12): 1700 -1200 1450 -200 200 -1150 2050 -950 200 -1250 600 10950
A0FFC207
A0FFC207 (52 bits)
Raw (12): 1700 -1200 1450 -200 200 -1150 2050 -950 200 -1250 600 10950
A0FFC207
A0FFC207 (52 bits)
Raw (12): 1650 -1200 1450 -200 200 -1150 2050 -950 200 -1250 600 10900
A0FFC207
A0FFC207 (52 bits)
Raw (12): 1650 -1200 1450 -200 200 -1150 2050 -950 200 -1250 650 10950



<--
F0FFC3FF
F0FFC3FF (51 bits)
Raw (10): 200 -1700 200 -700 2050 -950 2050 -950 2050 10850
F0FFC3FF
F0FFC3FF (52 bits)
Raw (10): 200 -1650 200 -800 2050 -950 2050 -950 2050 10900
F87FE17F
F87FE17F (51 bits)
Raw (10): 400 -2450 2050 -950 2050 -950 200 -200 1450 10700
F0FFC3FF
F0FFC3FF (52 bits)
Raw (10): 200 -1650 200 -800 2050 -950 2050 -950 2100 10950
F0FFC3FF
F0FFC3FF (52 bits)
Raw (10): 200 -1650 200 -800 2050 -950 2100 -900 2100 10950
F0FFC3FF
F0FFC3FF (52 bits)
Raw (10): 200 -1650 200 -800 2050 -950 2100 -900 2100 10950
F87FE17F
F87FE17F (51 bits)
Raw (10): 400 -2450 2050 -950 2100 -900 200 -250 1450 10750
F0FFC3FF
F0FFC3FF (51 bits)
Raw (10): 200 -1700 200 -750 2100 -900 2100 -900 2100 10950
F0FFC3FF
F0FFC3FF (51 bits)
Raw (10): 200 -1700 200 -750 2100 -900 2100 -900 2100 10950
F0FFC3FF
F0FFC3FF (51 bits)
Raw (10): 200 -1700 200 -750 2100 -900 2100 -950 2050 10950
F0FFC3FF
F0FFC3FF (51 bits)
Raw (10): 250 -1650 200 -750 2100 -900 2100 -950 2050 10950
F0FFC3FF
F0FFC3FF (51 bits)
Raw (10): 200 -1700 200 -750 2100 -950 2050 -950 2050 10950
F0FFC3FF
F0FFC3FF (51 bits)
Raw (10): 250 -1650 200 -750 2100 -950 2050 -950 2050 10950
F0FFC3FF
F0FFC3FF (51 bits)
Raw (10): 250 -1650 200 -750 2100 -950 2050 -950 2050 10950
F0FFC3FF
F0FFC3FF (51 bits)
Raw (10): 200 -1700 200 -750 2100 -900 2100 -950 2050 10950
F0FFC3FF
F0FFC3FF (51 bits)
Raw (10): 200 -1650 200 -700 2050 -950 2050 -950 2100 10850
F0FFC3FF
F0FFC3FF (52 bits)
Raw (10): 200 -1650 200 -800 2050 -950 2050 -950 2100 10950




-->
F0FFC303
F0FFC303 (52 bits)
Raw (14): 200 -200 1250 -200 200 -800 2050 -950 2050 -950 400 -1250 400 10900
F0FFC303
F0FFC303 (52 bits)
Raw (14): 200 -200 1250 -200 200 -800 2050 -950 2050 -950 400 -1250 450 10950
F0FFC303
F0FFC303 (52 bits)
Raw (14): 200 -200 1250 -200 200 -800 2050 -950 2050 -950 400 -1250 450 10950
F0FFC303
F0FFC303 (52 bits)
Raw (14): 200 -200 1250 -200 200 -800 2050 -950 2050 -950 400 -1250 450 10950
F0FFC303
F0FFC303 (52 bits)
Raw (14): 200 -200 1250 -200 200 -800 2050 -950 2100 -900 450 -1200 450 10950
F0FFC303
F0FFC303 (52 bits)
Raw (14): 200 -200 1250 -200 200 -800 2050 -950 2100 -900 450 -1250 400 10950
F0FFC303
F0FFC303 (52 bits)
Raw (14): 200 -200 1250 -200 200 -800 2050 -950 2050 -950 400 -1250 400 10900
F0FFC303
F0FFC303 (52 bits)
Raw (14): 200 -200 1250 -200 200 -800 2050 -950 2050 -950 400 -1250 400 10900
F0FFC303
F0FFC303 (51 bits)
Raw (14): 200 -200 1250 -200 250 -650 2100 -900 2100 -950 400 -1250 400 10850
F0FFC303
F0FFC303 (52 bits)
Raw (14): 200 -200 1250 -200 200 -800 2050 -950 2050 -950 400 -1250 400 10900
750 2100 -900 2100 -950 400 -1250 400 10950
F0FFC303
F0FFC303 (51 bits)
Raw (14): 250 -200 1250 -200 200 -700 2050 -950 2050 -950 400 -1250 400 10850
F0FFC303
F0FFC303 (51 bits)
Raw (14): 200 -200 1250 -200 250 -650 2100 -900 2100 -950 400 -1250 400 10850
F0FFC303
F0FFC303 (51 bits)
Raw (14): 200 -200 1250 -200 250 -750 2100 -900 2100 -900 450 -1250 400 10950
F0FFC303
F0FFC303 (52 bits)
Raw (14): 200 -200 1250 -200 200 -800 2050 -950 2050 -950 400 -1250 400 10900
F0FFC303
F0FFC303 (51 bits)
Raw (14): 200 -200 1250 -250 200 -650 2100 -950 2050 -950 400 -1250 400 10850
F0FFC303
F0FFC303 (51 bits)
Raw (14): 200 -200 1250 -200 250 -650 2100 -900 2100 -950 400 -1250 400 10850



joystik

up
F0F78223
F0F78223 (52 bits)
Raw (14): 1700 -1200 2050 -950 800 -200 850 -1150 200 -600 200 -650 400 10950
F0F78223
F0F78223 (52 bits)
Raw (14): 1700 -1200 2050 -950 800 -250 800 -1150 200 -600 250 -600 400 10950
F0F78223
F0F78223 (52 bits)
Raw (14): 1700 -1200 2050 -950 800 -200 850 -1150 200 -650 200 -600 400 10950
F0F78223
F0F78223 (52 bits)
Raw (14): 1650 -1200 2050 -950 800 -250 800 -1150 200 -650 200 -600 400 10900
F0F78223
F0F78223 (52 bits)
Raw (14): 1650 -1200 2050 -950 800 -250 800 -1150 200 -650 200 -600 400 10900
F0F78223
F0F78223 (52 bits)
Raw (14): 1650 -1200 2050 -950 850 -200 800 -1150 200 -650 200 -600 450 10950
F0F78223
F0F78223 (52 bits)
Raw (14): 1650 -1200 2050 -950 850 -200 800 -1150 200 -650 200 -600 450 10950
F0F78223
F0F78223 (52 bits)
Raw (14): 1650 -1200 2050 -950 850 -200 800 -1150 200 -650 200 -650 400 10950
F0F78223
F0F78223 (52 bits)
Raw (14): 1650 -1200 2050 -950 850 -200 800 -1150 200 -650 200 -650 400 10950
F0F78223
F0F78223 (52 bits)
Raw (14): 1650 -1200 2100 -900 850 -200 850 -1100 250 -600 200 -650 400 10950
F0F78223
F0F78223 (52 bits)
Raw (14): 1650 -1200 2100 -900 850 -200 850 -1100 250 -600 200 -650 400 10950
F0F78223
F0F78223 (52 bits)
Raw (14): 1650 -1200 2100 -900 850 -200 850 -1150 200 -600 200 -650 400 10950
F0F78223
F0F78223 (52 bits)
Raw (14): 1650 -1200 2100 -900 850 -200 850 -1150 200 -600 200 -650 400 10950
F0F78223
F0F78223 (52 bits)
Raw (14): 1650 -1200 2100 -950 800 -200 850 -1150 200 -600 200 -650 400 10950
F0F78223
F0F78223 (52 bits)
Raw (14): 1650 -1200 2100 -950 800 -200 850 -1150 200 -600 200 -650 400 10950
F87FE101
F87FE101 (297 bits)
Raw (24): 1700 -1200 2050 -950 800 -250 800 -1150 200 -650 200 -600 400 -39000 1650 -1150 2100 -950 2050 -950 200 -1450 200 60650



down
F0DF8283
F0DF8283 (52 bits)
Raw (14): 1650 -1200 2100 -900 450 -200 1250 -1100 200 -250 200 -1050 400 10950
F0DF8283
F0DF8283 (52 bits)
Raw (14): 1650 -1200 2100 -900 400 -250 1200 -1150 250 -200 200 -1050 400 10950
F0DF8283
F0DF8283 (52 bits)
Raw (14): 1650 -1200 2100 -900 450 -200 1250 -1100 250 -200 200 -1050 400 10950
F0DF8283
F0DF8283 (52 bits)
Raw (14): 1650 -1200 2100 -900 450 -200 1250 -1150 200 -200 200 -1050 400 10950
F0DF8283
F0DF8283 (52 bits)
Raw (14): 1650 -1200 2100 -950 400 -200 1250 -1150 200 -200 200 -1050 400 10950
F0DF8283
F0DF8283 (52 bits)
Raw (14): 1650 -1200 2100 -950 400 -200 1250 -1150 200 -200 200 -1050 400 10950
F0DF8283
F0DF8283 (52 bits)
Raw (14): 1650 -1200 2100 -900 450 -200 1250 -1150 200 -200 200 -1050 400 10950
F0DF8283
F0DF8283 (52 bits)
Raw (14): 1700 -1200 2050 -950 400 -200 1250 -1150 200 -200 200 -1050 400 10950
F0DF8283
F0DF8283 (52 bits)
Raw (14): 1700 -1200 2050 -950 400 -200 1250 -1150 200 -200 200 -1050 400 10950
F0DF8283
F0DF8283 (52 bits)
Raw (14): 1650 -1200 2050 -950 400 -200 1250 -1150 200 -200 200 -1050 400 10900
F0DF8283
F0DF8283 (52 bits)
Raw (14): 1650 -1200 2050 -950 400 -200 1250 -1150 200 -200 200 -1050 400 10900
F0DF8283
F0DF8283 (52 bits)
Raw (14): 1650 -1200 2050 -950 400 -200 1250 -1150 200 -250 200 -1000 450 10950
F0DF8283
F0DF8283 (52 bits)
Raw (14): 1650 -1200 2050 -950 400 -250 1200 -1150 200 -250 200 -1000 450 10950
F0DF8283
F0DF8283 (52 bits)
Raw (14): 1650 -1200 2050 -950 400 -250 1200 -1150 200 -250 200 -1000 450 10950
F0DF8283
F0DF8283 (52 bits)
Raw (14): 1650 -1200 2100 -900 400 -250 1200 -1150 200 -250 200 -1050 400 10950
F87FE101
F87FE101 (51 bits)
Raw (10): 1650 -1200 2050 -950 2050 -950 200 -1450 200 10700



<--
F0BF8303 (52 bits)
Raw (12): 1650 -1200 2100 -900 200 -250 1450 -1100 450 -1250 400 10950
F0BF8303
F0BF8303 (52 bits)
Raw (12): 1650 -1200 2100 -900 250 -200 1450 -1100 450 -1250 400 10950
F0BF8303
F0BF8303 (52 bits)
Raw (12): 1650 -1200 2100 -950 200 -200 1450 -1150 400 -1250 400 10950
F0BF8303
F0BF8303 (52 bits)
Raw (12): 1650 -1200 2100 -900 250 -200 1450 -1150 400 -1250 400 10950
F0BF8303
F0BF8303 (52 bits)
Raw (12): 1650 -1200 2100 -950 200 -200 1450 -1150 400 -1250 400 10950
F0BF8303
F0BF8303 (52 bits)
Raw (12): 1650 -1200 2100 -950 200 -200 1450 -1150 400 -1250 400 10950
F0BF8303
F0BF8303 (52 bits)
Raw (12): 1700 -1200 2050 -950 200 -200 1450 -1150 400 -1250 400 10950
F0BF8303
F0BF8303 (52 bits)
Raw (12): 1650 -1200 2050 -950 200 -200 1450 -1150 400 -1250 400 10900
F0BF8303
F0BF8303 (52 bits)
Raw (12): 1650 -1200 2050 -950 200 -200 1450 -1150 400 -1250 400 10900
F0BF8303
F0BF8303 (52 bits)
Raw (12): 1650 -1200 2050 -950 200 -200 1450 -1150 400 -1250 400 10900
F0BF8303
F0BF8303 (52 bits)
Raw (12): 1650 -1200 2050 -950 200 -200 1450 -1150 400 -1250 450 10950
F0BF8303
F0BF8303 (52 bits)
Raw (12): 1650 -1200 2050 -950 200 -200 1450 -1150 400 -1250 450 10950
F0BF8303
F0BF8303 (52 bits)
Raw (12): 1650 -1200 2050 -950 200 -250 1400 -1150 450 -1200 450 10950
F0BF8303
F0BF8303 (52 bits)
Raw (12): 1650 -1200 2050 -950 200 -200 1450 -1150 450 -1250 400 10950
F0BF8303
F0BF8303 (52 bits)
Raw (12): 1650 -1200 2100 -900 200 -250 1450 -1100 450 -1250 400 10950
F0BF8303
F0BF8303 (52 bits)
Raw (12): 1650 -1200 2100 -900 200 -250 1450 -1100 450 -1250 400 10950
F87FE101
F87FE101 (50 bits)
Raw (10): 1650 -1150 2050 -950 2100 -900 200 -1500 200 10700


-->
F0EF8243
F0EF8243 (52 bits)
Raw (14): 1650 -1200 2100 -950 600 -200 1050 -1150 200 -400 200 -850 400 10950
F0EF8243
F0EF8243 (52 bits)
Raw (14): 1650 -1200 2100 -950 600 -200 1050 -1150 200 -400 200 -850 400 10950
F0EF8243
F0EF8243 (52 bits)
Raw (14): 1650 -1200 2100 -950 600 -200 1050 -1150 200 -400 200 -850 400 10950
F0EF8243
F0EF8243 (51 bits)
Raw (14): 1700 -1150 2100 -950 600 -200 1050 -1150 200 -400 200 -850 400 10950
F0EF8243
F0EF8243 (52 bits)
Raw (14): 1700 -1200 2050 -950 600 -200 1050 -1150 200 -400 200 -850 400 10950
F0EF8243
F0EF8243 (52 bits)
Raw (14): 1650 -1200 2050 -950 600 -200 1050 -1150 200 -400 200 -850 400 10900
F0EF8243
F0EF8243 (52 bits)
Raw (14): 1650 -1200 2050 -950 600 -200 1050 -1150 200 -450 200 -800 450 10950
F0EF8243
F0EF8243 (52 bits)
Raw (14): 1650 -1200 2050 -950 600 -250 1000 -1150 200 -450 200 -800 400 10900
F0EF8243
F0EF8243 (52 bits)
Raw (14): 1650 -1200 2050 -950 600 -250 1000 -1150 200 -450 200 -800 450 10950
F0EF8243
F0EF8243 (52 bits)
Raw (14): 1650 -1200 2050 -950 600 -250 1000 -1150 200 -450 200 -800 450 10950
F0EF8243
F0EF8243 (52 bits)
Raw (14): 1650 -1200 2050 -950 650 -200 1000 -1150 200 -450 200 -800 450 10950
F0EF8243
F0EF8243 (52 bits)
Raw (14): 1650 -1200 2050 -950 650 -200 1050 -1100 200 -450 200 -850 400 10950
F0EF8243
F0EF8243 (52 bits)
Raw (14): 1650 -1200 2100 -900 650 -200 1050 -1100 250 -400 200 -850 400 10950
F0EF8243
F0EF8243 (52 bits)
Raw (14): 1650 -1200 2100 -900 650 -200 1050 -1100 250 -400 200 -850 400 10950
F87FE101
F87FE101 (50 bits)
Raw (10): 1700 -1150 2050 -950 2050 -950 200 -1450 200 10700



<--up
F85BE191
F85BE191 (51 bits)
Raw (16): 1650 -1200 2100 -900 200 -250 400 -200 1050 -950 400 -400 200 -650 200 10750
F85BE191
F85BE191 (51 bits)
Raw (16): 1650 -1200 2100 -900 250 -200 400 -200 1050 -950 400 -400 200 -650 200 10750
F85BE191
F85BE191 (51 bits)
Raw (16): 1650 -1200 2100 -900 200 -250 400 -200 1050 -950 400 -400 200 -650 200 10750
F85BE191
F85BE191 (51 bits)
Raw (16): 1650 -1200 2100 -950 200 -200 400 -200 1050 -950 400 -400 200 -650 200 10750
F85BE191
F85BE191 (51 bits)
Raw (16): 1650 -1200 2100 -950 200 -200 400 -200 1050 -950 400 -400 200 -650 200 10750
F85BE191
F85BE191 (51 bits)
Raw (16): 1650 -1200 2100 -950 200 -200 400 -200 1050 -950 400 -400 200 -650 200 10750
F85BE191
F85BE191 (50 bits)
Raw (16): 1700 -1150 2100 -950 200 -200 400 -200 1050 -950 400 -400 200 -650 200 10750
F85BE191
F85BE191 (51 bits)
Raw (16): 1700 -1200 2050 -950 200 -200 400 -200 1050 -950 400 -400 250 -600 200 10750
F85BE191
F85BE191 (51 bits)
Raw (16): 1650 -1200 2050 -950 200 -200 400 -200 1050 -950 400 -450 200 -600 200 10700
F85BE191
F85BE191 (51 bits)
Raw (16): 1650 -1200 2050 -950 200 -200 400 -250 1000 -950 400 -450 200 -600 200 10700
F85BE191
F85BE191 (51 bits)
Raw (16): 1650 -1200 2050 -950 200 -200 450 -200 1000 -950 400 -450 200 -600 200 10700
F85BE191
F85BE191 (51 bits)
Raw (16): 1650 -1200 2050 -950 200 -200 400 -250 1000 -950 400 -450 200 -600 200 10700
F85BE191
F85BE191 (51 bits)
Raw (16): 1650 -1200 2050 -950 200 -200 450 -200 1000 -950 400 -450 200 -600 200 10700
F85BE191
F85BE191 (51 bits)
Raw (16): 1650 -1200 2050 -950 200 -200 450 -200 1050 -900 400 -450 200 -600 250 10750
F85BE191
F85BE191 (51 bits)
Raw (16): 1650 -1200 2050 -950 200 -200 450 -200 1050 -900 400 -450 200 -600 250 10750
F87FE101
F87FE101 (147 bits)
Raw (26): 1650 -1200 2050 -950 200 -200 450 -200 1050 -900 450 -400 200 -650 200 -9250 1650 -1150 2100 -900 2100 -900 250 -1450 200 30700


<--down
F84FE1C1
F84FE1C1 (51 bits)
Raw (12): 1650 -1200 2100 -950 200 -400 1450 -950 600 -1050 200 10750
F84FE1C1
F84FE1C1 (51 bits)
Raw (12): 1650 -1200 2100 -950 200 -400 1450 -950 600 -1050 200 10750
F84FE1C1
F84FE1C1 (50 bits)
Raw (12): 1700 -1150 2100 -950 200 -400 1450 -950 600 -1050 200 10750
F84FE1C1
F84FE1C1 (51 bits)
Raw (12): 1650 -1250 2050 -950 200 -400 1450 -950 600 -1050 200 10750
F84FE1C1
F84FE1C1 (51 bits)
Raw (12): 1650 -1200 2050 -950 200 -400 1450 -950 600 -1050 200 10700
F84FE1C1
F84FE1C1 (51 bits)
Raw (12): 1650 -1200 2050 -950 200 -400 1450 -950 600 -1050 200 10700
F84FE1C1
F84FE1C1 (51 bits)
Raw (12): 1650 -1200 2050 -950 200 -400 1450 -950 600 -1050 200 10700
F84FE1C1
F84FE1C1 (51 bits)
Raw (12): 1650 -1200 2050 -950 200 -400 1450 -950 650 -1000 200 10700
F84FE1C1
F84FE1C1 (51 bits)
Raw (12): 1650 -1200 2050 -950 200 -450 1400 -950 650 -1000 200 10700
F84FE1C1
F84FE1C1 (51 bits)
Raw (12): 1650 -1200 2050 -950 200 -450 1400 -950 650 -1000 200 10700
F84FE1C1
F84FE1C1 (51 bits)
Raw (12): 1650 -1200 2050 -950 200 -450 1450 -900 650 -1050 200 10750
F84FE1C1
F84FE1C1 (51 bits)
Raw (12): 1650 -1200 2050 -950 200 -450 1450 -900 650 -1050 200 10750
F84FE1C1
F84FE1C1 (51 bits)
Raw (12): 1650 -1200 2100 -900 200 -450 1450 -900 650 -1050 200 10750
F87FE101
F87FE101 (197 bits)
Raw (22): 1650 -1200 2050 -950 200 -450 1450 -900 650 -1050 200 -19200 1700 -1150 2050 -950 2050 -950 200 -1450 200 40650




up-->
F873E131 (51 bits)
Raw (14): 1650 -1200 2050 -950 650 -400 1050 -900 250 -400 400 -650 200 10750
F873E131
F873E131 (51 bits)
Raw (14): 1650 -1200 2100 -900 650 -400 1050 -950 200 -400 400 -650 200 10750
F873E131
F873E131 (51 bits)
Raw (14): 1650 -1200 2100 -900 650 -400 1050 -950 200 -400 400 -650 200 10750
F873E131
F873E131 (51 bits)
Raw (14): 1650 -1200 2100 -900 650 -400 1050 -950 200 -400 400 -650 200 10750
F873E131
F873E131 (51 bits)
Raw (14): 1650 -1200 2100 -900 650 -400 1050 -950 200 -400 400 -650 200 10750
F873E131
F873E131 (51 bits)
Raw (14): 1650 -1200 2100 -950 600 -400 1050 -950 200 -400 400 -650 200 10750
F873E131
F873E131 (50 bits)
Raw (14): 1700 -1150 2100 -950 600 -400 1050 -950 200 -400 400 -650 200 10750
F873E131
F873E131 (50 bits)
Raw (14): 1700 -1150 2100 -950 600 -400 1050 -950 200 -400 450 -600 200 10750
F873E131
F873E131 (51 bits)
Raw (14): 1700 -1200 2050 -950 600 -450 1000 -950 200 -400 450 -600 200 10750
F873E131
F873E131 (51 bits)
Raw (14): 1650 -1200 2050 -950 600 -450 1000 -950 200 -400 450 -600 200 10700
F873E131
F873E131 (51 bits)
Raw (14): 1650 -1200 2050 -950 600 -450 1000 -950 200 -400 450 -600 200 10700
F873E131
F873E131 (51 bits)
Raw (14): 1700 -1200 2050 -950 600 -450 1000 -950 200 -450 400 -600 200 10750
F873E131
F873E131 (51 bits)
Raw (14): 1650 -1200 2050 -950 600 -450 1000 -950 200 -450 400 -600 200 10700
F873E131
F873E131 (51 bits)
Raw (14): 1650 -1200 2050 -950 600 -450 1000 -950 200 -450 400 -600 200 10700
F873E131
F873E131 (51 bits)
Raw (14): 1650 -1200 2050 -950 600 -450 1050 -900 200 -450 400 -600 250 10750
F873E131
F873E131 (51 bits)
Raw (14): 1650 -1200 2050 -950 650 -400 1050 -900 200 -450 400 -600 250 10750
F873E131
F873E131 (51 bits)
Raw (14): 1650 -1200 2050 -950 600 -450 1050 -900 200 -450 400 -650 200 10750
F87FE101
F87FE101 (50 bits)
Raw (10): 1650 -1150 2050 -950 2100 -900 250 -1450 200 10700


down-->
F867E161
F867E161 (50 bits)
Raw (14): 1700 -1150 2100 -950 400 -400 1250 -950 200 -200 400 -850 200 10750
F867E161
F867E161 (51 bits)
Raw (14): 1650 -1200 2050 -950 400 -400 1250 -950 200 -200 400 -850 200 10700
F867E161
F867E161 (51 bits)
Raw (14): 1650 -1200 2050 -950 400 -450 1200 -950 200 -200 450 -800 200 10700
F867E161
F867E161 (51 bits)
Raw (14): 1650 -1200 2050 -950 400 -450 1200 -950 200 -200 450 -800 200 10700
F867E161
F867E161 (51 bits)
Raw (14): 1650 -1200 2050 -950 400 -400 1250 -950 200 -250 400 -800 200 10700
F867E161
F867E161 (51 bits)
Raw (14): 1650 -1200 2050 -950 400 -450 1200 -950 200 -250 400 -800 200 10700
F867E161
F867E161 (51 bits)
Raw (14): 1650 -1200 2050 -950 400 -450 1200 -950 200 -250 400 -800 200 10700
F867E161
F867E161 (51 bits)
Raw (14): 1650 -1200 2050 -950 400 -450 1250 -900 200 -250 400 -800 250 10750
F867E161
F867E161 (51 bits)
Raw (14): 1650 -1200 2050 -950 400 -450 1250 -900 200 -250 400 -850 200 10750
F867E161
F867E161 (51 bits)
Raw (14): 1650 -1200 2100 -900 400 -450 1250 -900 200 -250 400 -850 200 10750
F867E161
F867E161 (51 bits)
Raw (14): 1650 -1200 2100 -900 450 -400 1250 -900 250 -200 400 -850 200 10750
F867E161
F867E161 (51 bits)
Raw (14): 1650 -1200 2100 -900 400 -450 1250 -950 200 -200 400 -850 200 10750
F867E161
F867E161 (51 bits)
Raw (14): 1650 -1200 2100 -900 450 -400 1250 -950 200 -200 400 -850 200 10750
F867E161
F867E161 (51 bits)
Raw (14): 1650 -1200 2100 -950 400 -400 1250 -950 200 -200 400 -850 200 10750
F87FE101
F87FE101 (248 bits)
Raw (24): 1650 -1200 2100 -900 450 -400 1250 -950 200 -200 400 -850 200 -29200 1650 -1200 2050 -950 2050 -950 200 -1450 200 50650






















